This file contains any messages produced by compilers while
running configure, to aid debugging if configure makes a mistake.

It was created by configure, which was
generated by GNU Autoconf 2.61.  Invocation command line was

  $ ./configure --prefix=/usr

## --------- ##
## Platform. ##
## --------- ##

hostname = zboxwin8
uname -m = x86_64
uname -r = 3.10.0-123.4.2.el7.x86_64
uname -s = Linux
uname -v = #1 SMP Mon Jun 30 16:09:14 UTC 2014

/usr/bin/uname -p = x86_64
/bin/uname -X     = unknown

/bin/arch              = x86_64
/usr/bin/arch -k       = unknown
/usr/convex/getsysinfo = unknown
/usr/bin/hostinfo      = unknown
/bin/machine           = unknown
/usr/bin/oslevel       = unknown
/bin/universe          = unknown

PATH: /root/perl5/bin
PATH: /usr/lib64/qt-3.3/bin
PATH: /home/rong/perl5/bin
PATH: /usr/lib64/ccache
PATH: /usr/local/bin
PATH: /usr/local/sbin
PATH: /usr/bin
PATH: /usr/sbin
PATH: /bin
PATH: /sbin
PATH: /home/rong/.local/bin
PATH: /home/rong/bin


## ----------- ##
## Core tests. ##
## ----------- ##

configure:1869: checking build system type
configure:1887: result: x86_64-unknown-linux-gnu
configure:1909: checking host system type
configure:1924: result: x86_64-unknown-linux-gnu
configure:1946: checking target system type
configure:1961: result: x86_64-unknown-linux-gnu
configure:2037: checking for gcc
configure:2053: found /usr/lib64/ccache/gcc
configure:2064: result: gcc
configure:2302: checking for C compiler version
configure:2309: gcc --version >&5
gcc (GCC) 4.8.2 20140120 (Red Hat 4.8.2-16)
Copyright (C) 2013 Free Software Foundation, Inc.
This is free software; see the source for copying conditions.  There is NO
warranty; not even for MERCHANTABILITY or FITNESS FOR A PARTICULAR PURPOSE.

configure:2312: $? = 0
configure:2319: gcc -v >&5
Using built-in specs.
COLLECT_GCC=/usr/bin/gcc
COLLECT_LTO_WRAPPER=/usr/libexec/gcc/x86_64-redhat-linux/4.8.2/lto-wrapper
Target: x86_64-redhat-linux
Configured with: ../configure --prefix=/usr --mandir=/usr/share/man --infodir=/usr/share/info --with-bugurl=http://bugzilla.redhat.com/bugzilla --enable-bootstrap --enable-shared --enable-threads=posix --enable-checking=release --with-system-zlib --enable-__cxa_atexit --disable-libunwind-exceptions --enable-gnu-unique-object --enable-linker-build-id --with-linker-hash-style=gnu --enable-languages=c,c++,objc,obj-c++,java,fortran,ada,go,lto --enable-plugin --enable-initfini-array --disable-libgcj --with-isl=/builddir/build/BUILD/gcc-4.8.2-20140120/obj-x86_64-redhat-linux/isl-install --with-cloog=/builddir/build/BUILD/gcc-4.8.2-20140120/obj-x86_64-redhat-linux/cloog-install --enable-gnu-indirect-function --with-tune=generic --with-arch_32=x86-64 --build=x86_64-redhat-linux
Thread model: posix
gcc version 4.8.2 20140120 (Red Hat 4.8.2-16) (GCC) 
configure:2322: $? = 0
configure:2329: gcc -V >&5
gcc: error: unrecognized command line option '-V'
gcc: fatal error: no input files
compilation terminated.
configure:2332: $? = 4
configure:2355: checking for C compiler default output file name
configure:2382: gcc  -DDATADIR='"${datarootdir}"'   conftest.c  >&5
configure:2385: $? = 0
configure:2423: result: a.out
configure:2440: checking whether the C compiler works
configure:2450: ./a.out
configure:2453: $? = 0
configure:2470: result: yes
configure:2477: checking whether we are cross compiling
configure:2479: result: no
configure:2482: checking for suffix of executables
configure:2489: gcc -o conftest  -DDATADIR='"${datarootdir}"'   conftest.c  >&5
configure:2492: $? = 0
configure:2516: result: 
configure:2522: checking for suffix of object files
configure:2548: gcc -c  -DDATADIR='"${datarootdir}"'  conftest.c >&5
configure:2551: $? = 0
configure:2574: result: o
configure:2578: checking whether we are using the GNU C compiler
configure:2607: gcc -c  -DDATADIR='"${datarootdir}"'  conftest.c >&5
configure:2613: $? = 0
configure:2630: result: yes
configure:2635: checking whether gcc accepts -g
configure:2665: gcc -c -g -DDATADIR='"${datarootdir}"'  conftest.c >&5
configure:2671: $? = 0
configure:2770: result: yes
configure:2787: checking for gcc option to accept ISO C89
configure:2861: gcc  -c -g -O2 -DDATADIR='"${datarootdir}"'  conftest.c >&5
configure:2867: $? = 0
configure:2890: result: none needed
configure:2914: checking how to run the C preprocessor
configure:2954: gcc -E -DDATADIR='"${datarootdir}"'  conftest.c
configure:2960: $? = 0
configure:2991: gcc -E -DDATADIR='"${datarootdir}"'  conftest.c
conftest.c:8:28: fatal error: ac_nonexistent.h: No such file or directory
 #include <ac_nonexistent.h>
                            ^
compilation terminated.
configure:2997: $? = 1
configure: failed program was:
| /* confdefs.h.  */
| #define PACKAGE_NAME ""
| #define PACKAGE_TARNAME ""
| #define PACKAGE_VERSION ""
| #define PACKAGE_STRING ""
| #define PACKAGE_BUGREPORT ""
| /* end confdefs.h.  */
| #include <ac_nonexistent.h>
configure:3030: result: gcc -E
configure:3059: gcc -E -DDATADIR='"${datarootdir}"'  conftest.c
configure:3065: $? = 0
configure:3096: gcc -E -DDATADIR='"${datarootdir}"'  conftest.c
conftest.c:8:28: fatal error: ac_nonexistent.h: No such file or directory
 #include <ac_nonexistent.h>
                            ^
compilation terminated.
configure:3102: $? = 1
configure: failed program was:
| /* confdefs.h.  */
| #define PACKAGE_NAME ""
| #define PACKAGE_TARNAME ""
| #define PACKAGE_VERSION ""
| #define PACKAGE_STRING ""
| #define PACKAGE_BUGREPORT ""
| /* end confdefs.h.  */
| #include <ac_nonexistent.h>
configure:3140: checking for grep that handles long lines and -e
configure:3214: result: /usr/bin/grep
configure:3219: checking for egrep
configure:3297: result: /usr/bin/grep -E
configure:3302: checking for ANSI C header files
configure:3332: gcc -c -g -O2 -DDATADIR='"${datarootdir}"'  conftest.c >&5
configure:3338: $? = 0
configure:3437: gcc -o conftest -g -O2 -DDATADIR='"${datarootdir}"'   conftest.c  >&5
configure:3440: $? = 0
configure:3446: ./conftest
configure:3449: $? = 0
configure:3466: result: yes
configure:3490: checking for sys/types.h
configure:3511: gcc -c -g -O2 -DDATADIR='"${datarootdir}"'  conftest.c >&5
configure:3517: $? = 0
configure:3533: result: yes
configure:3490: checking for sys/stat.h
configure:3511: gcc -c -g -O2 -DDATADIR='"${datarootdir}"'  conftest.c >&5
configure:3517: $? = 0
configure:3533: result: yes
configure:3490: checking for stdlib.h
configure:3511: gcc -c -g -O2 -DDATADIR='"${datarootdir}"'  conftest.c >&5
configure:3517: $? = 0
configure:3533: result: yes
configure:3490: checking for string.h
configure:3511: gcc -c -g -O2 -DDATADIR='"${datarootdir}"'  conftest.c >&5
configure:3517: $? = 0
configure:3533: result: yes
configure:3490: checking for memory.h
configure:3511: gcc -c -g -O2 -DDATADIR='"${datarootdir}"'  conftest.c >&5
configure:3517: $? = 0
configure:3533: result: yes
configure:3490: checking for strings.h
configure:3511: gcc -c -g -O2 -DDATADIR='"${datarootdir}"'  conftest.c >&5
configure:3517: $? = 0
configure:3533: result: yes
configure:3490: checking for inttypes.h
configure:3511: gcc -c -g -O2 -DDATADIR='"${datarootdir}"'  conftest.c >&5
configure:3517: $? = 0
configure:3533: result: yes
configure:3490: checking for stdint.h
configure:3511: gcc -c -g -O2 -DDATADIR='"${datarootdir}"'  conftest.c >&5
configure:3517: $? = 0
configure:3533: result: yes
configure:3490: checking for unistd.h
configure:3511: gcc -c -g -O2 -DDATADIR='"${datarootdir}"'  conftest.c >&5
configure:3517: $? = 0
configure:3533: result: yes
configure:3545: checking whether byte ordering is bigendian
configure:3578: gcc -c -g -O2 -DDATADIR='"${datarootdir}"'  conftest.c >&5
configure:3584: $? = 0
configure:3616: gcc -c -g -O2 -DDATADIR='"${datarootdir}"'  conftest.c >&5
conftest.c: In function 'main':
conftest.c:25:2: error: unknown type name 'not'
  not big endian
  ^
conftest.c:25:10: error: expected '=', ',', ';', 'asm' or '__attribute__' before 'endian'
  not big endian
          ^
configure:3622: $? = 1
configure: failed program was:
| /* confdefs.h.  */
| #define PACKAGE_NAME ""
| #define PACKAGE_TARNAME ""
| #define PACKAGE_VERSION ""
| #define PACKAGE_STRING ""
| #define PACKAGE_BUGREPORT ""
| #define STDC_HEADERS 1
| #define HAVE_SYS_TYPES_H 1
| #define HAVE_SYS_STAT_H 1
| #define HAVE_STDLIB_H 1
| #define HAVE_STRING_H 1
| #define HAVE_MEMORY_H 1
| #define HAVE_STRINGS_H 1
| #define HAVE_INTTYPES_H 1
| #define HAVE_STDINT_H 1
| #define HAVE_UNISTD_H 1
| /* end confdefs.h.  */
| #include <sys/types.h>
| #include <sys/param.h>
| 
| int
| main ()
| {
| #if BYTE_ORDER != BIG_ENDIAN
|  not big endian
| #endif
| 
|   ;
|   return 0;
| }
configure:3762: result: no
configure:3801: checking for a BSD-compatible install
configure:3857: result: /usr/bin/install -c
configure:3872: checking for -p flag to install
configure:3885: result: yes
configure:3896: checking whether build environment is sane
configure:3939: result: yes
configure:3972: checking for gawk
configure:3988: found /usr/bin/gawk
configure:3999: result: gawk
configure:4010: checking whether make sets $(MAKE)
configure:4031: result: yes
configure:4060: checking for style of include used by make
configure:4088: result: GNU
configure:4266: checking dependency style of gcc
configure:4328: result: gcc3
configure:4472: checking for gcc
configure:4499: result: gcc
configure:4737: checking for C compiler version
configure:4744: gcc --version >&5
gcc (GCC) 4.8.2 20140120 (Red Hat 4.8.2-16)
Copyright (C) 2013 Free Software Foundation, Inc.
This is free software; see the source for copying conditions.  There is NO
warranty; not even for MERCHANTABILITY or FITNESS FOR A PARTICULAR PURPOSE.

configure:4747: $? = 0
configure:4754: gcc -v >&5
Using built-in specs.
COLLECT_GCC=/usr/bin/gcc
COLLECT_LTO_WRAPPER=/usr/libexec/gcc/x86_64-redhat-linux/4.8.2/lto-wrapper
Target: x86_64-redhat-linux
Configured with: ../configure --prefix=/usr --mandir=/usr/share/man --infodir=/usr/share/info --with-bugurl=http://bugzilla.redhat.com/bugzilla --enable-bootstrap --enable-shared --enable-threads=posix --enable-checking=release --with-system-zlib --enable-__cxa_atexit --disable-libunwind-exceptions --enable-gnu-unique-object --enable-linker-build-id --with-linker-hash-style=gnu --enable-languages=c,c++,objc,obj-c++,java,fortran,ada,go,lto --enable-plugin --enable-initfini-array --disable-libgcj --with-isl=/builddir/build/BUILD/gcc-4.8.2-20140120/obj-x86_64-redhat-linux/isl-install --with-cloog=/builddir/build/BUILD/gcc-4.8.2-20140120/obj-x86_64-redhat-linux/cloog-install --enable-gnu-indirect-function --with-tune=generic --with-arch_32=x86-64 --build=x86_64-redhat-linux
Thread model: posix
gcc version 4.8.2 20140120 (Red Hat 4.8.2-16) (GCC) 
configure:4757: $? = 0
configure:4764: gcc -V >&5
gcc: error: unrecognized command line option '-V'
gcc: fatal error: no input files
compilation terminated.
configure:4767: $? = 4
configure:4770: checking whether we are using the GNU C compiler
configure:4822: result: yes
configure:4827: checking whether gcc accepts -g
configure:4962: result: yes
configure:4979: checking for gcc option to accept ISO C89
configure:5082: result: none needed
configure:5106: checking how to run the C preprocessor
configure:5222: result: gcc -E
configure:5251: gcc -E -DDATADIR='"${datarootdir}"'  conftest.c
configure:5257: $? = 0
configure:5288: gcc -E -DDATADIR='"${datarootdir}"'  conftest.c
conftest.c:20:28: fatal error: ac_nonexistent.h: No such file or directory
 #include <ac_nonexistent.h>
                            ^
compilation terminated.
configure:5294: $? = 1
configure: failed program was:
| /* confdefs.h.  */
| #define PACKAGE_NAME ""
| #define PACKAGE_TARNAME ""
| #define PACKAGE_VERSION ""
| #define PACKAGE_STRING ""
| #define PACKAGE_BUGREPORT ""
| #define STDC_HEADERS 1
| #define HAVE_SYS_TYPES_H 1
| #define HAVE_SYS_STAT_H 1
| #define HAVE_STDLIB_H 1
| #define HAVE_STRING_H 1
| #define HAVE_MEMORY_H 1
| #define HAVE_STRINGS_H 1
| #define HAVE_INTTYPES_H 1
| #define HAVE_STDINT_H 1
| #define HAVE_UNISTD_H 1
| #define PACKAGE "qgo"
| #define VERSION "0.2.2"
| /* end confdefs.h.  */
| #include <ac_nonexistent.h>
configure:5418: checking for g++
configure:5434: found /usr/lib64/ccache/g++
configure:5445: result: g++
configure:5476: checking for C++ compiler version
configure:5483: g++ --version >&5
g++ (GCC) 4.8.2 20140120 (Red Hat 4.8.2-16)
Copyright (C) 2013 Free Software Foundation, Inc.
This is free software; see the source for copying conditions.  There is NO
warranty; not even for MERCHANTABILITY or FITNESS FOR A PARTICULAR PURPOSE.

configure:5486: $? = 0
configure:5493: g++ -v >&5
Using built-in specs.
COLLECT_GCC=/usr/bin/g++
COLLECT_LTO_WRAPPER=/usr/libexec/gcc/x86_64-redhat-linux/4.8.2/lto-wrapper
Target: x86_64-redhat-linux
Configured with: ../configure --prefix=/usr --mandir=/usr/share/man --infodir=/usr/share/info --with-bugurl=http://bugzilla.redhat.com/bugzilla --enable-bootstrap --enable-shared --enable-threads=posix --enable-checking=release --with-system-zlib --enable-__cxa_atexit --disable-libunwind-exceptions --enable-gnu-unique-object --enable-linker-build-id --with-linker-hash-style=gnu --enable-languages=c,c++,objc,obj-c++,java,fortran,ada,go,lto --enable-plugin --enable-initfini-array --disable-libgcj --with-isl=/builddir/build/BUILD/gcc-4.8.2-20140120/obj-x86_64-redhat-linux/isl-install --with-cloog=/builddir/build/BUILD/gcc-4.8.2-20140120/obj-x86_64-redhat-linux/cloog-install --enable-gnu-indirect-function --with-tune=generic --with-arch_32=x86-64 --build=x86_64-redhat-linux
Thread model: posix
gcc version 4.8.2 20140120 (Red Hat 4.8.2-16) (GCC) 
configure:5496: $? = 0
configure:5503: g++ -V >&5
g++: error: unrecognized command line option '-V'
g++: fatal error: no input files
compilation terminated.
configure:5506: $? = 4
configure:5509: checking whether we are using the GNU C++ compiler
configure:5538: g++ -c   -DDATADIR='"${datarootdir}"'  conftest.cpp >&5
configure:5544: $? = 0
configure:5561: result: yes
configure:5566: checking whether g++ accepts -g
configure:5596: g++ -c -g -DDATADIR='"${datarootdir}"'  conftest.cpp >&5
configure:5602: $? = 0
configure:5701: result: yes
configure:5726: checking dependency style of g++
configure:5788: result: gcc3
configure:6441: checking whether g++ supports -fno-exceptions
configure:6481: rm -rf SunWS_cache; g++ -o conftest -O2   -fno-exceptions -DDATADIR='"${datarootdir}"'   conftest.cpp  1>&5
configure:6487: $? = 0
configure:6514: result: yes
configure:6526: checking whether g++ supports -fno-check-new
configure:6566: rm -rf SunWS_cache; g++ -o conftest -O2   -fno-exceptions -fno-check-new -DDATADIR='"${datarootdir}"'   conftest.cpp  1>&5
configure:6572: $? = 0
configure:6599: result: yes
configure:6611: checking whether g++ supports -fexceptions
configure:6651: rm -rf SunWS_cache; g++ -o conftest -O2   -fno-exceptions -fno-check-new -fexceptions -DDATADIR='"${datarootdir}"'   conftest.cpp  1>&5
configure:6657: $? = 0
configure:6684: result: yes
configure:7327: checking how to run the C++ preprocessor
configure:7363: g++ -E -DDATADIR='"${datarootdir}"'  conftest.cpp
configure:7369: $? = 0
configure:7400: g++ -E -DDATADIR='"${datarootdir}"'  conftest.cpp
conftest.cpp:20:28: fatal error: ac_nonexistent.h: No such file or directory
 #include <ac_nonexistent.h>
                            ^
compilation terminated.
configure:7406: $? = 1
configure: failed program was:
| /* confdefs.h.  */
| #define PACKAGE_NAME ""
| #define PACKAGE_TARNAME ""
| #define PACKAGE_VERSION ""
| #define PACKAGE_STRING ""
| #define PACKAGE_BUGREPORT ""
| #define STDC_HEADERS 1
| #define HAVE_SYS_TYPES_H 1
| #define HAVE_SYS_STAT_H 1
| #define HAVE_STDLIB_H 1
| #define HAVE_STRING_H 1
| #define HAVE_MEMORY_H 1
| #define HAVE_STRINGS_H 1
| #define HAVE_INTTYPES_H 1
| #define HAVE_STDINT_H 1
| #define HAVE_UNISTD_H 1
| #define PACKAGE "qgo"
| #define VERSION "0.2.2"
| /* end confdefs.h.  */
| #include <ac_nonexistent.h>
configure:7439: result: g++ -E
configure:7468: g++ -E -DDATADIR='"${datarootdir}"'  conftest.cpp
configure:7474: $? = 0
configure:7505: g++ -E -DDATADIR='"${datarootdir}"'  conftest.cpp
conftest.cpp:20:28: fatal error: ac_nonexistent.h: No such file or directory
 #include <ac_nonexistent.h>
                            ^
compilation terminated.
configure:7511: $? = 1
configure: failed program was:
| /* confdefs.h.  */
| #define PACKAGE_NAME ""
| #define PACKAGE_TARNAME ""
| #define PACKAGE_VERSION ""
| #define PACKAGE_STRING ""
| #define PACKAGE_BUGREPORT ""
| #define STDC_HEADERS 1
| #define HAVE_SYS_TYPES_H 1
| #define HAVE_SYS_STAT_H 1
| #define HAVE_STDLIB_H 1
| #define HAVE_STRING_H 1
| #define HAVE_MEMORY_H 1
| #define HAVE_STRINGS_H 1
| #define HAVE_INTTYPES_H 1
| #define HAVE_STDINT_H 1
| #define HAVE_UNISTD_H 1
| #define PACKAGE "qgo"
| #define VERSION "0.2.2"
| /* end confdefs.h.  */
| #include <ac_nonexistent.h>
configure:7604: checking whether g++ supports -frepo
configure:7644: rm -rf SunWS_cache; g++ -o conftest -O2 -fno-exceptions -fno-check-new -frepo -DDATADIR='"${datarootdir}"'   conftest.cpp  1>&5
<built-in>:0:0: warning: -frepo must be used with -c [enabled by default]
configure:7650: $? = 0
configure:7677: result: yes
configure:7910: checking for ld used by GCC
configure:7973: result: /usr/bin/ld
configure:7982: checking if the linker (/usr/bin/ld) is GNU ld
GNU ld version 2.23.52.0.1-16.el7 20130226
configure:7994: result: yes
configure:7999: checking for /usr/bin/ld option to reload object files
configure:8006: result: -r
configure:8011: checking for BSD-compatible nm
configure:8047: result: /usr/bin/nm -B
configure:8050: checking whether ln -s works
configure:8054: result: yes
configure:8061: checking how to recognise dependant libraries
configure:8232: result: file_magic ELF [0-9][0-9]*-bit [LM]SB (shared object|dynamic lib )
configure:8244: checking for file
configure:8299: result: /usr/bin/file
configure:8422: checking for ranlib
configure:8438: found /usr/bin/ranlib
configure:8449: result: ranlib
configure:8518: checking for strip
configure:8534: found /usr/bin/strip
configure:8545: result: strip
ltcf-c.sh:need_lc: gcc -c  -g -DDATADIR='"${datarootdir}"'  conftest.c 1>&5
ltcf-c.sh:need_lc: gcc -shared conftest.  -v -Wl,-soname -Wl,conftest -o conftest
ltconfig:678:checking for gcc option to produce PIC
ltconfig:687:checking that gcc PIC flag -fPIC -DPIC works.
ltconfig:697: gcc -c  -g -fPIC -DPIC -DPIC -DDATADIR='"${datarootdir}"'  conftest.c 1>&5
ltconfig:749: checking if gcc static flag -static works
ltconfig:758: gcc -o conftest  -g -DDATADIR='"${datarootdir}"'   -static conftest.c  1>&5
ltconfig:780: finding the maximum length of command line arguments
ltconfig:@lineno@: result: 73729
ltconfig:829: checking if gcc supports -c -o file.o
ltconfig:830: gcc -c  -g -o out/conftest2.o -DDATADIR='"${datarootdir}"'  conftest.c 1>&5
ltconfig:883: checking if gcc supports -fno-rtti -fno-exceptions
ltconfig:884: gcc -c  -g -fno-rtti -fno-exceptions -c conftest.c -DDATADIR='"${datarootdir}"'  conftest.c 1>&5
ltconfig:1423: checking if global_symbol_pipe works
ltconfig:1424: gcc -c  -g -DDATADIR='"${datarootdir}"'  conftest.c 1>&5
ltconfig:1427: eval "/usr/bin/nm -B conftest.o | sed -n -e 's/^.*[ 	]\([ABCDGISTW]\)[ 	][ 	]*\(\)\([_A-Za-z][_A-Za-z0-9]*\)$/\1 \2\3 \3/p' > conftest.nm"
ltconfig:1479: gcc -o conftest  -g -fno-builtin -DDATADIR='"${datarootdir}"'   conftest.c conftstm.o 1>&5
g++ -E conftest.cc
ltconfig:678:checking for g++ option to produce PIC
ltconfig:687:checking that g++ PIC flag -fPIC -DPIC works.
ltconfig:697: g++ -c  -fno-exceptions -fno-check-new -fPIC -DPIC -DPIC -DDATADIR='"${datarootdir}"'  conftest.cc 1>&5
ltconfig:749: checking if g++ static flag -static works
ltconfig:758: g++ -o conftest  -fno-exceptions -fno-check-new -DDATADIR='"${datarootdir}"'   -static conftest.cc  1>&5
ltconfig:780: finding the maximum length of command line arguments
ltconfig:@lineno@: result: 73729
ltconfig:829: checking if g++ supports -c -o file.o
ltconfig:830: g++ -c  -fno-exceptions -fno-check-new -o out/conftest2.o -DDATADIR='"${datarootdir}"'  conftest.cc 1>&5
ltconfig:883: checking if g++ supports -fno-rtti -fno-exceptions
ltconfig:884: g++ -c  -fno-exceptions -fno-check-new -fno-rtti -fno-exceptions -c conftest.cc -DDATADIR='"${datarootdir}"'  conftest.cc 1>&5
ltconfig:1423: checking if global_symbol_pipe works
ltconfig:1424: g++ -c  -fno-exceptions -fno-check-new -DDATADIR='"${datarootdir}"'  conftest.cc 1>&5
ltconfig:1427: eval "/usr/bin/nm -B conftest.o | sed -n -e 's/^.*[ 	]\([ABCDGISTW]\)[ 	][ 	]*\(\)\([_A-Za-z][_A-Za-z0-9]*\)$/\1 \2\3 \3/p' > conftest.nm"
ltconfig:1479: g++ -o conftest  -fno-exceptions -fno-check-new -fno-builtin -fno-rtti -fno-exceptions -DDATADIR='"${datarootdir}"'   conftest.cc conftstm.o 1>&5
configure:8978: checking for msgfmt
configure:9005: result: /usr/bin/msgfmt
configure:9014: checking for gmsgfmt
configure:9045: result: /usr/bin/msgfmt
configure:9065: checking for xgettext
configure:9092: result: /usr/bin/xgettext
configure:9182: checking for main in -lutil
configure:9211: gcc -o conftest  -g -DDATADIR='"${datarootdir}"'   conftest.c -lutil   >&5
configure:9217: $? = 0
configure:9235: result: yes
configure:9241: checking for main in -lcompat
configure:9270: gcc -o conftest  -g -DDATADIR='"${datarootdir}"'   conftest.c -lcompat   >&5
/usr/bin/ld: cannot find -lcompat
collect2: error: ld returned 1 exit status
configure:9276: $? = 1
configure: failed program was:
| /* confdefs.h.  */
| #define PACKAGE_NAME ""
| #define PACKAGE_TARNAME ""
| #define PACKAGE_VERSION ""
| #define PACKAGE_STRING ""
| #define PACKAGE_BUGREPORT ""
| #define STDC_HEADERS 1
| #define HAVE_SYS_TYPES_H 1
| #define HAVE_SYS_STAT_H 1
| #define HAVE_STDLIB_H 1
| #define HAVE_STRING_H 1
| #define HAVE_MEMORY_H 1
| #define HAVE_STRINGS_H 1
| #define HAVE_INTTYPES_H 1
| #define HAVE_STDINT_H 1
| #define HAVE_UNISTD_H 1
| #define PACKAGE "qgo"
| #define VERSION "0.2.2"
| #define HAVE_TEMPLATE_REPOSITORY 1
| /* end confdefs.h.  */
| 
| 
| int
| main ()
| {
| return main ();
|   ;
|   return 0;
| }
configure:9294: result: no
configure:9301: checking for crypt in -lcrypt
configure:9336: gcc -o conftest  -g -DDATADIR='"${datarootdir}"'   conftest.c -lcrypt   >&5
configure:9342: $? = 0
configure:9360: result: yes
configure:9451: checking for socklen_t
configure:9494: g++ -c  -fno-exceptions -fno-check-new -DDATADIR='"${datarootdir}"'  conftest.cpp >&5
configure:9500: $? = 0
configure:9572: result: socklen_t
configure:9594: checking for dnet_ntoa in -ldnet
configure:9629: gcc -o conftest  -g -DDATADIR='"${datarootdir}"'   conftest.c -ldnet   >&5
/usr/bin/ld: cannot find -ldnet
collect2: error: ld returned 1 exit status
configure:9635: $? = 1
configure: failed program was:
| /* confdefs.h.  */
| #define PACKAGE_NAME ""
| #define PACKAGE_TARNAME ""
| #define PACKAGE_VERSION ""
| #define PACKAGE_STRING ""
| #define PACKAGE_BUGREPORT ""
| #define STDC_HEADERS 1
| #define HAVE_SYS_TYPES_H 1
| #define HAVE_SYS_STAT_H 1
| #define HAVE_STDLIB_H 1
| #define HAVE_STRING_H 1
| #define HAVE_MEMORY_H 1
| #define HAVE_STRINGS_H 1
| #define HAVE_INTTYPES_H 1
| #define HAVE_STDINT_H 1
| #define HAVE_UNISTD_H 1
| #define PACKAGE "qgo"
| #define VERSION "0.2.2"
| #define HAVE_TEMPLATE_REPOSITORY 1
| #define HAVE_CRYPT 1
| #define ksize_t socklen_t
| /* end confdefs.h.  */
| 
| /* Override any GCC internal prototype to avoid an error.
|    Use char because int might match the return type of a GCC
|    builtin and then its argument prototype would still apply.  */
| #ifdef __cplusplus
| extern "C"
| #endif
| char dnet_ntoa ();
| int
| main ()
| {
| return dnet_ntoa ();
|   ;
|   return 0;
| }
configure:9653: result: no
configure:9660: checking for dnet_ntoa in -ldnet_stub
configure:9695: gcc -o conftest  -g -DDATADIR='"${datarootdir}"'   conftest.c -ldnet_stub   >&5
/usr/bin/ld: cannot find -ldnet_stub
collect2: error: ld returned 1 exit status
configure:9701: $? = 1
configure: failed program was:
| /* confdefs.h.  */
| #define PACKAGE_NAME ""
| #define PACKAGE_TARNAME ""
| #define PACKAGE_VERSION ""
| #define PACKAGE_STRING ""
| #define PACKAGE_BUGREPORT ""
| #define STDC_HEADERS 1
| #define HAVE_SYS_TYPES_H 1
| #define HAVE_SYS_STAT_H 1
| #define HAVE_STDLIB_H 1
| #define HAVE_STRING_H 1
| #define HAVE_MEMORY_H 1
| #define HAVE_STRINGS_H 1
| #define HAVE_INTTYPES_H 1
| #define HAVE_STDINT_H 1
| #define HAVE_UNISTD_H 1
| #define PACKAGE "qgo"
| #define VERSION "0.2.2"
| #define HAVE_TEMPLATE_REPOSITORY 1
| #define HAVE_CRYPT 1
| #define ksize_t socklen_t
| /* end confdefs.h.  */
| 
| /* Override any GCC internal prototype to avoid an error.
|    Use char because int might match the return type of a GCC
|    builtin and then its argument prototype would still apply.  */
| #ifdef __cplusplus
| extern "C"
| #endif
| char dnet_ntoa ();
| int
| main ()
| {
| return dnet_ntoa ();
|   ;
|   return 0;
| }
configure:9719: result: no
configure:9726: checking for inet_ntoa
configure:9782: gcc -o conftest  -g -DDATADIR='"${datarootdir}"'   conftest.c  >&5
configure:9788: $? = 0
configure:9805: result: yes
configure:9875: checking for connect
configure:9931: gcc -o conftest  -g -DDATADIR='"${datarootdir}"'   conftest.c  >&5
configure:9937: $? = 0
configure:9954: result: yes
configure:10025: checking for remove
configure:10081: gcc -o conftest  -g -DDATADIR='"${datarootdir}"'   conftest.c  >&5
configure:10087: $? = 0
configure:10104: result: yes
configure:10176: checking for shmat
configure:10232: gcc -o conftest  -g -DDATADIR='"${datarootdir}"'   conftest.c  >&5
configure:10238: $? = 0
configure:10255: result: yes
configure:10333: checking for res_init
configure:10389: gcc -o conftest  -g -DDATADIR='"${datarootdir}"'   conftest.c  >&5
/tmp/ccrlLFly.o: In function `main':
/usr/local/src/qgo-1.5.4/conftest.c:57: undefined reference to `res_init'
collect2: error: ld returned 1 exit status
configure:10395: $? = 1
configure: failed program was:
| /* confdefs.h.  */
| #define PACKAGE_NAME ""
| #define PACKAGE_TARNAME ""
| #define PACKAGE_VERSION ""
| #define PACKAGE_STRING ""
| #define PACKAGE_BUGREPORT ""
| #define STDC_HEADERS 1
| #define HAVE_SYS_TYPES_H 1
| #define HAVE_SYS_STAT_H 1
| #define HAVE_STDLIB_H 1
| #define HAVE_STRING_H 1
| #define HAVE_MEMORY_H 1
| #define HAVE_STRINGS_H 1
| #define HAVE_INTTYPES_H 1
| #define HAVE_STDINT_H 1
| #define HAVE_UNISTD_H 1
| #define PACKAGE "qgo"
| #define VERSION "0.2.2"
| #define HAVE_TEMPLATE_REPOSITORY 1
| #define HAVE_CRYPT 1
| #define ksize_t socklen_t
| /* end confdefs.h.  */
| /* Define res_init to an innocuous variant, in case <limits.h> declares res_init.
|    For example, HP-UX 11i <limits.h> declares gettimeofday.  */
| #define res_init innocuous_res_init
| 
| /* System header to define __stub macros and hopefully few prototypes,
|     which can conflict with char res_init (); below.
|     Prefer <limits.h> to <assert.h> if __STDC__ is defined, since
|     <limits.h> exists even on freestanding compilers.  */
| 
| #ifdef __STDC__
| # include <limits.h>
| #else
| # include <assert.h>
| #endif
| 
| #undef res_init
| 
| /* Override any GCC internal prototype to avoid an error.
|    Use char because int might match the return type of a GCC
|    builtin and then its argument prototype would still apply.  */
| #ifdef __cplusplus
| extern "C"
| #endif
| char res_init ();
| /* The GNU C library defines this for functions which it implements
|     to always fail with ENOSYS.  Some functions are actually named
|     something starting with __ and the normal name is an alias.  */
| #if defined __stub_res_init || defined __stub___res_init
| choke me
| #endif
| 
| int
| main ()
| {
| return res_init ();
|   ;
|   return 0;
| }
configure:10413: result: no
configure:10449: gcc -o conftest  -g -DDATADIR='"${datarootdir}"'   conftest.c   -lresolv >&5
configure:10455: $? = 0
configure:10488: checking for killpg in -lucb
configure:10523: gcc -o conftest  -g -DDATADIR='"${datarootdir}"'   conftest.c -lucb   >&5
/usr/bin/ld: cannot find -lucb
collect2: error: ld returned 1 exit status
configure:10529: $? = 1
configure: failed program was:
| /* confdefs.h.  */
| #define PACKAGE_NAME ""
| #define PACKAGE_TARNAME ""
| #define PACKAGE_VERSION ""
| #define PACKAGE_STRING ""
| #define PACKAGE_BUGREPORT ""
| #define STDC_HEADERS 1
| #define HAVE_SYS_TYPES_H 1
| #define HAVE_SYS_STAT_H 1
| #define HAVE_STDLIB_H 1
| #define HAVE_STRING_H 1
| #define HAVE_MEMORY_H 1
| #define HAVE_STRINGS_H 1
| #define HAVE_INTTYPES_H 1
| #define HAVE_STDINT_H 1
| #define HAVE_UNISTD_H 1
| #define PACKAGE "qgo"
| #define VERSION "0.2.2"
| #define HAVE_TEMPLATE_REPOSITORY 1
| #define HAVE_CRYPT 1
| #define ksize_t socklen_t
| #define HAVE_RES_INIT 1
| /* end confdefs.h.  */
| 
| /* Override any GCC internal prototype to avoid an error.
|    Use char because int might match the return type of a GCC
|    builtin and then its argument prototype would still apply.  */
| #ifdef __cplusplus
| extern "C"
| #endif
| char killpg ();
| int
| main ()
| {
| return killpg ();
|   ;
|   return 0;
| }
configure:10547: result: no
configure:10627: checking for int
configure:10657: gcc -c  -g -DDATADIR='"${datarootdir}"'  conftest.c >&5
configure:10663: $? = 0
configure:10678: result: yes
configure:10685: checking size of int
configure:10987: gcc -o conftest  -g -DDATADIR='"${datarootdir}"'   conftest.c  >&5
configure:10990: $? = 0
configure:10996: ./conftest
configure:10999: $? = 0
configure:11022: result: 4
configure:11031: checking for long
configure:11061: gcc -c  -g -DDATADIR='"${datarootdir}"'  conftest.c >&5
configure:11067: $? = 0
configure:11082: result: yes
configure:11089: checking size of long
configure:11391: gcc -o conftest  -g -DDATADIR='"${datarootdir}"'   conftest.c  >&5
configure:11394: $? = 0
configure:11400: ./conftest
configure:11403: $? = 0
configure:11426: result: 8
configure:11435: checking for char *
configure:11465: gcc -c  -g -DDATADIR='"${datarootdir}"'  conftest.c >&5
configure:11471: $? = 0
configure:11486: result: yes
configure:11493: checking size of char *
configure:11795: gcc -o conftest  -g -DDATADIR='"${datarootdir}"'   conftest.c  >&5
configure:11798: $? = 0
configure:11804: ./conftest
configure:11807: $? = 0
configure:11830: result: 8
configure:11839: checking for char
configure:11869: gcc -c  -g -DDATADIR='"${datarootdir}"'  conftest.c >&5
configure:11875: $? = 0
configure:11890: result: yes
configure:11897: checking size of char
configure:12199: gcc -o conftest  -g -DDATADIR='"${datarootdir}"'   conftest.c  >&5
configure:12202: $? = 0
configure:12208: ./conftest
configure:12211: $? = 0
configure:12234: result: 1
configure:12245: checking for dlopen in -ldl
configure:12280: gcc -o conftest  -g -DDATADIR='"${datarootdir}"'   conftest.c -ldl   >&5
configure:12286: $? = 0
configure:12304: result: yes
configure:12314: checking for shl_unload in -ldld
configure:12349: gcc -o conftest  -g -DDATADIR='"${datarootdir}"'   conftest.c -ldld   >&5
/usr/bin/ld: cannot find -ldld
collect2: error: ld returned 1 exit status
configure:12355: $? = 1
configure: failed program was:
| /* confdefs.h.  */
| #define PACKAGE_NAME ""
| #define PACKAGE_TARNAME ""
| #define PACKAGE_VERSION ""
| #define PACKAGE_STRING ""
| #define PACKAGE_BUGREPORT ""
| #define STDC_HEADERS 1
| #define HAVE_SYS_TYPES_H 1
| #define HAVE_SYS_STAT_H 1
| #define HAVE_STDLIB_H 1
| #define HAVE_STRING_H 1
| #define HAVE_MEMORY_H 1
| #define HAVE_STRINGS_H 1
| #define HAVE_INTTYPES_H 1
| #define HAVE_STDINT_H 1
| #define HAVE_UNISTD_H 1
| #define PACKAGE "qgo"
| #define VERSION "0.2.2"
| #define HAVE_TEMPLATE_REPOSITORY 1
| #define HAVE_CRYPT 1
| #define ksize_t socklen_t
| #define HAVE_RES_INIT 1
| #define SIZEOF_INT 4
| #define SIZEOF_LONG 8
| #define SIZEOF_CHAR_P 8
| #define SIZEOF_CHAR 1
| /* end confdefs.h.  */
| 
| /* Override any GCC internal prototype to avoid an error.
|    Use char because int might match the return type of a GCC
|    builtin and then its argument prototype would still apply.  */
| #ifdef __cplusplus
| extern "C"
| #endif
| char shl_unload ();
| int
| main ()
| {
| return shl_unload ();
|   ;
|   return 0;
| }
configure:12373: result: no
configure:12408: checking for X
configure:12454: gcc -E -DDATADIR='"${datarootdir}"'  conftest.c
configure:12460: $? = 0
configure:12550: gcc -o conftest  -g -DDATADIR='"${datarootdir}"'   conftest.c -lXt  >&5
configure:12556: $? = 0
configure:12712: result: libraries /usr/lib, headers .
configure:12746: checking for IceConnectionNumber in -lICE
configure:12781: gcc -o conftest  -g -DDATADIR='"${datarootdir}"'   -L/usr/lib conftest.c -lICE  -lresolv  >&5
configure:12787: $? = 0
configure:12805: result: yes
configure:12819: checking for libXext
configure:12859: gcc -o conftest  -g -DDATADIR='"${datarootdir}"'   -L/usr/lib  conftest.c -lXext -lX11  -lresolv >&5
configure:12865: $? = 0
configure:12889: result: yes
configure:12902: checking for Xinerama
configure:12983: result: no
configure:13040: checking for pthread_create in -lpthread
configure:13075: gcc -o conftest  -g -DDATADIR='"${datarootdir}"'   conftest.c -lpthread   >&5
configure:13081: $? = 0
configure:13099: result: yes
configure:13536: checking for extra includes
configure:13564: result: no
configure:13568: checking for extra libs
configure:13597: result: no
configure:13603: checking for libz
configure:13642: gcc -o conftest  -g -I.  -DDATADIR='"${datarootdir}"'  -D_REENTRANT  conftest.c -L/usr/lib  -lz  -lresolv >&5
configure:13648: $? = 0
configure:13676: result: -lz
configure:13689: checking for libpng
configure:13736: gcc -o conftest  -g -I.  -DDATADIR='"${datarootdir}"'  -D_REENTRANT  conftest.c  -L/usr/lib  -lpng -lz -lm -lX11  -lresolv >&5
configure:13742: $? = 0
configure:13771: result: -lpng -lz -lm
configure:13782: checking for libjpeg6b
configure:13833: gcc -o conftest  -g -I.  -DDATADIR='"${datarootdir}"'  -D_REENTRANT  conftest.c -L/usr/lib  -ljpeg6b -lm >&5
/usr/bin/ld: cannot find -ljpeg6b
collect2: error: ld returned 1 exit status
configure:13839: $? = 1
configure: failed program was:
| /* confdefs.h.  */
| #define PACKAGE_NAME ""
| #define PACKAGE_TARNAME ""
| #define PACKAGE_VERSION ""
| #define PACKAGE_STRING ""
| #define PACKAGE_BUGREPORT ""
| #define STDC_HEADERS 1
| #define HAVE_SYS_TYPES_H 1
| #define HAVE_SYS_STAT_H 1
| #define HAVE_STDLIB_H 1
| #define HAVE_STRING_H 1
| #define HAVE_MEMORY_H 1
| #define HAVE_STRINGS_H 1
| #define HAVE_INTTYPES_H 1
| #define HAVE_STDINT_H 1
| #define HAVE_UNISTD_H 1
| #define PACKAGE "qgo"
| #define VERSION "0.2.2"
| #define HAVE_TEMPLATE_REPOSITORY 1
| #define HAVE_CRYPT 1
| #define ksize_t socklen_t
| #define HAVE_RES_INIT 1
| #define SIZEOF_INT 4
| #define SIZEOF_LONG 8
| #define SIZEOF_CHAR_P 8
| #define SIZEOF_CHAR 1
| #define HAVE_LIBZ 1
| #define HAVE_LIBPNG 1
| /* end confdefs.h.  */
| /* Override any gcc2 internal prototype to avoid an error.  */
| struct jpeg_decompress_struct;
| typedef struct jpeg_decompress_struct * j_decompress_ptr;
| typedef int size_t;
| #ifdef __cplusplus
| extern "C" {
| #endif
|     void jpeg_CreateDecompress(j_decompress_ptr cinfo,
|                                     int version, size_t structsize);
| #ifdef __cplusplus
| }
| #endif
| /* We use char because int might match the return type of a gcc2
|     builtin and then its argument prototype would still apply.  */
| 
| int
| main ()
| {
| jpeg_CreateDecompress(0L, 0, 0);
|   ;
|   return 0;
| }
configure:13866: result: no
configure:13869: checking for libjpeg
configure:13920: gcc -o conftest  -g -I.  -DDATADIR='"${datarootdir}"'  -D_REENTRANT  conftest.c -L/usr/lib  -ljpeg -lm >&5
configure:13926: $? = 0
configure:13950: result: -ljpeg
configure: 13974: /usr/include/jpeglib.h
taking that
configure:14144: checking for Qt
configure: 14209: /usr/lib64/qt-3.3/include/qstyle.h
taking that
tried NO
configure:14320: rm -rf SunWS_cache; g++ -o conftest  -fno-exceptions -fno-check-new -I/usr/lib64/qt-3.3/include -I.  -DQT_THREAD_SUPPORT -DDATADIR='"${datarootdir}"'  -D_REENTRANT  -L/usr/lib64/qt-3.3/lib -L/usr/lib   conftest.cpp  -lqt-mt -lpng -lz -lm -ljpeg -ldl  -lXext -lX11 -lSM -lICE  -lresolv -lpthread 1>&5
configure:14323: $? = 0
configure:14382: result: libraries /usr/lib64/qt-3.3/lib, headers /usr/lib64/qt-3.3/include using -mt
configure:14392: checking if Qt compiles without flags
configure:14488: rm -rf SunWS_cache; g++ -o conftest  -fno-exceptions -fno-check-new -I/usr/lib64/qt-3.3/include  -DQT_THREAD_SUPPORT -DDATADIR='"${datarootdir}"'  -D_REENTRANT  -L/usr/lib conftest.cpp -lqt-mt -lpng -lz -lm -ljpeg -ldl  -lXext -lX11 -lSM -lICE  -lresolv -lXext -lX11  -lresolv 1>&5
/usr/bin/ld: cannot find -lqt-mt
collect2: error: ld returned 1 exit status
configure:14491: $? = 1
configure: failed program was:
#include "confdefs.h"
#include <qglobal.h>
#include <qapplication.h>
#include <qcursor.h>
#include <qstylefactory.h>
#include <private/qucomextra_p.h>
#if ! (QT_VERSION >= 303)
#error 1
#endif

int main() {
    (void)QStyleFactory::create(QString::null);
    QCursor c(Qt::WhatsThisCursor);
    return 0;
}
configure:14524: result: no
configure:14562: checking for moc
configure:14631: result: /usr/lib64/qt-3.3/bin/moc
configure:14639: checking for uic
configure:14690: result: /usr/lib64/qt-3.3/bin/uic
configure:14718: checking whether uic supports -L 
configure:14729: /usr/lib64/qt-3.3/bin/uic -L /nonexistant conftest.ui >/dev/null
Session management error: None of the authentication protocols specified are supported
configure:14732: $? = 0
configure:14744: result: yes
configure:14756: checking whether uic supports -nounload 
configure:14767: /usr/lib64/qt-3.3/bin/uic -nounload  conftest.ui >/dev/null
Session management error: None of the authentication protocols specified are supported
configure:14770: $? = 0
configure:14782: result: yes
configure:14817: checking if Qt needs -ljpeg
configure:14862: rm -rf SunWS_cache; g++ -o conftest  -fno-exceptions -fno-check-new -I/usr/lib64/qt-3.3/include -I.   -DQT_THREAD_SUPPORT -DDATADIR='"${datarootdir}"'  -D_REENTRANT  conftest.cpp -L/usr/lib -L/usr/lib64/qt-3.3/lib -lqt-mt -lpng -lz -lm  -ldl -lXext -lX11 -lSM -lICE -lresolv 1>&5
configure:14868: $? = 0
configure:14901: result: no
configure:14946: checking if admin should be compiled
configure:14958: result: no
configure:14946: checking if html should be compiled
configure:14958: result: yes
configure:14946: checking if src should be compiled
configure:14958: result: yes
configure:14946: checking if templates should be compiled
configure:14958: result: yes
configure:15089: creating ./config.status

## ---------------------- ##
## Running config.status. ##
## ---------------------- ##

This file was extended by config.status, which was
generated by GNU Autoconf 2.61.  Invocation command line was

  CONFIG_FILES    = 
  CONFIG_HEADERS  = 
  CONFIG_LINKS    = 
  CONFIG_COMMANDS = 
  $ ./config.status 

on zboxwin8

config.status:711: creating Makefile
config.status:846: WARNING:  Makefile.in seems to ignore the --datarootdir setting
config.status:711: creating src/Makefile
config.status:846: WARNING:  src/Makefile.in seems to ignore the --datarootdir setting
config.status:711: creating src/pics/Makefile
config.status:846: WARNING:  src/pics/Makefile.in seems to ignore the --datarootdir setting
config.status:711: creating src/sounds/Makefile
config.status:846: WARNING:  src/sounds/Makefile.in seems to ignore the --datarootdir setting
config.status:711: creating src/translations/Makefile
config.status:846: WARNING:  src/translations/Makefile.in seems to ignore the --datarootdir setting
config.status:711: creating templates/Makefile
config.status:846: WARNING:  templates/Makefile.in seems to ignore the --datarootdir setting
config.status:711: creating config.h
config.status:943: config.h is unchanged
config.status:956: executing depfiles commands

## ---------------- ##
## Cache variables. ##
## ---------------- ##

ac_cv_build=x86_64-unknown-linux-gnu
ac_cv_c_bigendian=no
ac_cv_c_compiler_gnu=yes
ac_cv_cxx_compiler_gnu=yes
ac_cv_env_CCC_set=
ac_cv_env_CCC_value=
ac_cv_env_CC_set=
ac_cv_env_CC_value=
ac_cv_env_CFLAGS_set=
ac_cv_env_CFLAGS_value=
ac_cv_env_CPPFLAGS_set=
ac_cv_env_CPPFLAGS_value=
ac_cv_env_CPP_set=
ac_cv_env_CPP_value=
ac_cv_env_CXXCPP_set=
ac_cv_env_CXXCPP_value=
ac_cv_env_CXXFLAGS_set=
ac_cv_env_CXXFLAGS_value=
ac_cv_env_CXX_set=
ac_cv_env_CXX_value=
ac_cv_env_LDFLAGS_set=
ac_cv_env_LDFLAGS_value=
ac_cv_env_LIBS_set=
ac_cv_env_LIBS_value=
ac_cv_env_XMKMF_set=
ac_cv_env_XMKMF_value=
ac_cv_env_build_alias_set=
ac_cv_env_build_alias_value=
ac_cv_env_host_alias_set=
ac_cv_env_host_alias_value=
ac_cv_env_target_alias_set=
ac_cv_env_target_alias_value=
ac_cv_func_connect=yes
ac_cv_func_inet_ntoa=yes
ac_cv_func_remove=yes
ac_cv_func_res_init=no
ac_cv_func_shmat=yes
ac_cv_have_dlfcn=yes
ac_cv_have_qt='have_qt=yes     ac_qt_includes=/usr/lib64/qt-3.3/include ac_qt_libraries=/usr/lib64/qt-3.3/lib'
ac_cv_have_xinerama=no
ac_cv_header_inttypes_h=yes
ac_cv_header_memory_h=yes
ac_cv_header_stdc=yes
ac_cv_header_stdint_h=yes
ac_cv_header_stdlib_h=yes
ac_cv_header_string_h=yes
ac_cv_header_strings_h=yes
ac_cv_header_sys_stat_h=yes
ac_cv_header_sys_types_h=yes
ac_cv_header_unistd_h=yes
ac_cv_host=x86_64-unknown-linux-gnu
ac_cv_lib_ICE_IceConnectionNumber=yes
ac_cv_lib_compat_main=no
ac_cv_lib_crypt_crypt=yes
ac_cv_lib_dl_dlopen=yes
ac_cv_lib_dld_shl_unload=no
ac_cv_lib_dnet_dnet_ntoa=no
ac_cv_lib_dnet_stub_dnet_ntoa=no
ac_cv_lib_jpeg_6b=no
ac_cv_lib_jpeg_normal=-ljpeg
ac_cv_lib_png='-lpng -lz -lm'
ac_cv_lib_pthread_pthread_create=yes
ac_cv_lib_ucb_killpg=no
ac_cv_lib_util_main=yes
ac_cv_lib_z=-lz
ac_cv_objext=o
ac_cv_path_EGREP='/usr/bin/grep -E'
ac_cv_path_GMSGFMT=/usr/bin/msgfmt
ac_cv_path_GREP=/usr/bin/grep
ac_cv_path_MSGFMT=/usr/bin/msgfmt
ac_cv_path_XGETTEXT=/usr/bin/xgettext
ac_cv_path_install='/usr/bin/install -c'
ac_cv_prog_AWK=gawk
ac_cv_prog_CPP='gcc -E'
ac_cv_prog_CXXCPP='g++ -E'
ac_cv_prog_ac_ct_CC=gcc
ac_cv_prog_ac_ct_CXX=g++
ac_cv_prog_ac_ct_RANLIB=ranlib
ac_cv_prog_ac_ct_STRIP=strip
ac_cv_prog_cc_c89=
ac_cv_prog_cc_g=yes
ac_cv_prog_cxx_g=yes
ac_cv_prog_make_make_set=yes
ac_cv_sizeof_char=1
ac_cv_sizeof_char_p=8
ac_cv_sizeof_int=4
ac_cv_sizeof_long=8
ac_cv_socklen_t=socklen_t
ac_cv_target=x86_64-unknown-linux-gnu
ac_cv_type_char=yes
ac_cv_type_char_p=yes
ac_cv_type_int=yes
ac_cv_type_long=yes
am_cv_CC_dependencies_compiler_type=gcc3
am_cv_CXX_dependencies_compiler_type=gcc3
kde_cv_have_libXext=yes
kde_cv_have_x='have_x=yes          kde_x_includes=. kde_x_libraries=/usr/lib'
kde_cv_path=/usr/lib64/qt-3.3/bin/uic
kde_cv_path_moc=/usr/lib64/qt-3.3/bin/moc
kde_cv_path_uic=/usr/lib64/qt-3.3/bin/uic
kde_cv_prog_cxx_fexceptions=yes
kde_cv_prog_cxx_fno_check_new=yes
kde_cv_prog_cxx_fno_exceptions=yes
kde_cv_prog_cxx_frepo=yes
kde_cv_prog_uic_L=yes
kde_cv_prog_uic_nounload=yes
kde_cv_qt_direct=no
kde_cv_qt_jpeg=no
lt_cv_deplibs_check_method='file_magic ELF [0-9][0-9]*-bit [LM]SB (shared object|dynamic lib )'
lt_cv_file_magic_cmd='$MAGIC_CMD'
lt_cv_file_magic_test_file='/lib/libc.so.6 /lib/libc-2.17.so'
lt_cv_ld_reload_flag=-r
lt_cv_path_LD=/usr/bin/ld
lt_cv_path_MAGIC_CMD=/usr/bin/file
lt_cv_path_NM='/usr/bin/nm -B'
lt_cv_prog_gnu_ld=yes

## ----------------- ##
## Output variables. ##
## ----------------- ##

ACLOCAL='${SHELL} /usr/local/src/qgo-1.5.4/admin/missing --run aclocal-1.6'
AMDEPBACKSLASH='\'
AMDEP_FALSE='#'
AMDEP_TRUE=''
AMTAR='${SHELL} /usr/local/src/qgo-1.5.4/admin/missing --run tar'
AUTOCONF='${SHELL} /usr/local/src/qgo-1.5.4/admin/missing --run autoconf'
AUTOHEADER='${SHELL} /usr/local/src/qgo-1.5.4/admin/missing --run autoheader'
AUTOMAKE='${SHELL} /usr/local/src/qgo-1.5.4/admin/missing --run automake-1.6'
AWK='gawk'
CC='gcc'
CCDEPMODE='depmode=gcc3'
CFLAGS=' -g'
CPP='gcc -E'
CPPFLAGS=' -DQT_THREAD_SUPPORT -DDATADIR='\''"${datarootdir}"'\''  -D_REENTRANT'
CXX='g++'
CXXCPP='g++ -E'
CXXDEPMODE='depmode=gcc3'
CXXFLAGS=' -fno-exceptions -fno-check-new'
DEFS='-DHAVE_CONFIG_H'
DEPDIR='.deps'
ECHO_C=''
ECHO_N='-n'
ECHO_T=''
EGREP='/usr/bin/grep -E'
EXEEXT=''
GMSGFMT='/usr/bin/msgfmt'
GREP='/usr/bin/grep'
INSTALL_DATA='${INSTALL} -m 644'
INSTALL_PROGRAM='${INSTALL} $(INSTALL_STRIP_FLAG)'
INSTALL_SCRIPT='${INSTALL}'
INSTALL_STRIP_PROGRAM='${SHELL} $(install_sh) -c -s'
KDE_CXXFLAGS=''
KDE_MT_LDFLAGS=''
KDE_MT_LIBS='-lpthread'
KDE_PLUGIN='-avoid-version -module -no-undefined $(KDE_RPATH) $(KDE_MT_LDFLAGS)'
KDE_USE_CLOSURE_FALSE='#'
KDE_USE_CLOSURE_TRUE=''
KDE_USE_FINAL_FALSE=''
KDE_USE_FINAL_TRUE='#'
LDFLAGS=''
LIBCOMPAT=''
LIBCRYPT='-lcrypt'
LIBDL='-ldl'
LIBJPEG='-ljpeg'
LIBOBJS=''
LIBPNG='-lpng -lz -lm'
LIBPTHREAD='-lpthread'
LIBRESOLV='-lresolv'
LIBS=''
LIBSM='-lSM -lICE'
LIBSOCKET=' -lresolv'
LIBTOOL='$(SHELL) $(top_builddir)/libtool'
LIBUCB=''
LIBUTIL='-lutil'
LIBXINERAMA=''
LIBZ='-lz'
LIB_QPE=''
LIB_QT='-lqt-mt  $(LIBPNG) -lXext $(LIB_X11) $(LIBSM) -lpthread'
LIB_X11='-lX11 $(LIBSOCKET)'
LIB_XEXT='-lXext'
LN_S='ln -s'
LTLIBOBJS=''
MAKEINFO='${SHELL} /usr/local/src/qgo-1.5.4/admin/missing --run makeinfo'
MOC='/usr/lib64/qt-3.3/bin/moc'
MSGFMT='/usr/bin/msgfmt'
NOOPT_CFLAGS=' -g'
NOOPT_CXXFLAGS=' -fno-exceptions -fno-check-new'
NOREPO='-fno-repo'
OBJEXT='o'
PACKAGE='qgo'
PACKAGE_BUGREPORT=''
PACKAGE_NAME=''
PACKAGE_STRING=''
PACKAGE_TARNAME=''
PACKAGE_VERSION=''
PATH_SEPARATOR=':'
QTE_NORTTI=''
QT_INCLUDES='-I/usr/lib64/qt-3.3/include'
QT_LDFLAGS='-L/usr/lib64/qt-3.3/lib'
RANLIB='ranlib'
REPO='-frepo'
SET_MAKE=''
SHELL='/bin/sh'
STRIP='strip'
TOPSUBDIRS=' html src templates'
UIC='/usr/lib64/qt-3.3/bin/uic -L $(kde_widgetdir) -nounload'
UIC_TR='tr2i18n'
USER_INCLUDES=''
USER_LDFLAGS=''
USE_EXCEPTIONS='-fexceptions'
USE_RTTI=''
USE_THREADS=''
VERSION='0.2.2'
WOVERLOADED_VIRTUAL=''
XGETTEXT='/usr/bin/xgettext'
XMKMF=''
X_EXTRA_LIBS=' -lresolv'
X_INCLUDES='-I.'
X_LDFLAGS='-L/usr/lib'
X_PRE_LIBS=''
ac_ct_CC='gcc'
ac_ct_CXX='g++'
all_includes='-I/usr/lib64/qt-3.3/include -I.'
all_libraries='-L/usr/lib -L/usr/lib64/qt-3.3/lib'
am__include='include'
am__quote=''
bindir='${exec_prefix}/bin'
build='x86_64-unknown-linux-gnu'
build_alias=''
build_cpu='x86_64'
build_os='linux-gnu'
build_vendor='unknown'
datadir='${datarootdir}'
datarootdir='${prefix}/share'
docdir='${datarootdir}/doc/${PACKAGE}'
dvidir='${docdir}'
exec_prefix='${prefix}'
host='x86_64-unknown-linux-gnu'
host_alias=''
host_cpu='x86_64'
host_os='linux-gnu'
host_vendor='unknown'
htmldir='${docdir}'
includedir='${prefix}/include'
infodir='${datarootdir}/info'
install_sh='/usr/local/src/qgo-1.5.4/admin/install-sh'
kde_qtver='3'
libdir='${exec_prefix}/lib'
libexecdir='${exec_prefix}/libexec'
localedir='${datarootdir}/locale'
localstatedir='${prefix}/var'
mandir='${datarootdir}/man'
oldincludedir='/usr/include'
pdfdir='${docdir}'
prefix='/usr'
program_transform_name='s,x,x,'
psdir='${docdir}'
qt_includes='/usr/lib64/qt-3.3/include'
qt_libraries='/usr/lib64/qt-3.3/lib'
sbindir='${exec_prefix}/sbin'
sharedstatedir='${prefix}/com'
sysconfdir='${prefix}/etc'
target='x86_64-unknown-linux-gnu'
target_alias=''
target_cpu='x86_64'
target_os='linux-gnu'
target_vendor='unknown'
x_includes='.'
x_libraries='/usr/lib'

## ----------- ##
## confdefs.h. ##
## ----------- ##

#define PACKAGE_NAME ""
#define PACKAGE_TARNAME ""
#define PACKAGE_VERSION ""
#define PACKAGE_STRING ""
#define PACKAGE_BUGREPORT ""
#define STDC_HEADERS 1
#define HAVE_SYS_TYPES_H 1
#define HAVE_SYS_STAT_H 1
#define HAVE_STDLIB_H 1
#define HAVE_STRING_H 1
#define HAVE_MEMORY_H 1
#define HAVE_STRINGS_H 1
#define HAVE_INTTYPES_H 1
#define HAVE_STDINT_H 1
#define HAVE_UNISTD_H 1
#define PACKAGE "qgo"
#define VERSION "0.2.2"
#define HAVE_TEMPLATE_REPOSITORY 1
#define HAVE_CRYPT 1
#define ksize_t socklen_t
#define HAVE_RES_INIT 1
#define SIZEOF_INT 4
#define SIZEOF_LONG 8
#define SIZEOF_CHAR_P 8
#define SIZEOF_CHAR 1
#define HAVE_LIBZ 1
#define HAVE_LIBPNG 1
#define HAVE_LIBJPEG 1
#define HAVE_LIBPTHREAD 1

configure: exit 0
